fetch https://dl-cdn.alpinelinux.org/alpine/v3.20/main/x86_64/APKINDEX.tar.gz
fetch https://dl-cdn.alpinelinux.org/alpine/v3.20/community/x86_64/APKINDEX.tar.gz
(1/13) Installing tzdata (2026a-r0)
(2/13) Installing tcl (8.6.14-r1)
(3/13) Installing expect (5.45.4-r4)
(4/13) Installing py3-parsing (3.1.2-r1)
(5/13) Installing py3-parsing-pyc (3.1.2-r1)
(6/13) Installing py3-packaging (24.0-r1)
(7/13) Installing py3-packaging-pyc (24.0-r1)
(8/13) Installing py3-setuptools (70.3.0-r0)
(9/13) Installing py3-setuptools-pyc (70.3.0-r0)
(10/13) Installing py3-pip (24.0-r2)
(11/13) Installing py3-pip-pyc (24.0-r2)
(12/13) Installing unzip (6.0-r14)
(13/13) Installing zip (3.0-r12)
Executing busybox-1.36.1-r31.trigger
OK: 140 MiB in 171 packages
Zipping CWD into /tmp/oracle-toolkit-2029646655237656576.zip and uploading to gs://oracle-toolkit-presubmit-artifacts/...
Copying file:///tmp/oracle-toolkit-2029646655237656576.zip to gs://oracle-toolkit-presubmit-artifacts/oracle-toolkit-2029646655237656576.zip
  
..
Applying Infra Manager deployment: projects/gcp-oracle-benchmarks/locations/us-central1/deployments/presubmit-dg-2029646655237656576
Uploading 9 file(s) totalling 52.0 KiB.
Creating the deployment...
.......................................................................................................................................................................................................................................................................................................................................................................................................................................................done.
Link to the control node's startup log:
https://console.cloud.google.com/logs/query;query=resource.type%3D%22gce_instance%22%0Alog_name%3D%22projects%2Fgcp-oracle-benchmarks%2Flogs%2Fgoogle_metadata_script_runner%22%0Aresource.labels.instance_id%3D%223517860831637561604%22%0A;duration=PT1H?project=gcp-oracle-benchmarks
Installing required gcloud alpha components...
Your current Google Cloud CLI version is: 559.0.0
Installing components from version: 559.0.0
┌──────────────────────────────────────────────┐
│     These components will be installed.      │
├───────────────────────┬────────────┬─────────┤
│          Name         │  Version   │   Size  │
├───────────────────────┼────────────┼─────────┤
│ gcloud Alpha Commands │ 2026.02.27 │ < 1 MiB │
└───────────────────────┴────────────┴─────────┘
For the latest full release notes, please visit:
  https://cloud.google.com/sdk/release_notes
Performing in place update...
╔════════════════════════════════════════════════════════════╗
╠═ Downloading: gcloud Alpha Commands                       ═╣
╚════════════════════════════════════════════════════════════╝
╔════════════════════════════════════════════════════════════╗
╠═ Installing: gcloud Alpha Commands                        ═╣
╚════════════════════════════════════════════════════════════╝
Performing post processing steps...
............................................................................................done.
Update done!
Requirement already satisfied: grpcio in /usr/lib/python3.12/site-packages (1.62.1)
WARNING: Running pip as the 'root' user can result in broken permissions and conflicting behaviour with the system package manager. It is recommended to use a virtual environment instead: https://pip.pypa.io/warnings/venv
Streaming logs from the control node's startup script execution...
Waiting up to 2 hours and 0 minutes for control node's startup script to complete...
2026-03-05 19:57:44    Starting gcloud logging tail session...
Initializing tail session.
2026-03-05 19:58:06	Metadata key("startup-script"), command("/bin/bash"): Processing triggers for man-db (2.11.2-2) ...
2026-03-05 19:58:08	Metadata key("startup-script"), command("/bin/bash"): Created log entry.
2026-03-05 19:58:16	Metadata key("startup-script"), command("/bin/bash"): Downloading gs://oracle-toolkit-presubmit-artifacts/oracle-toolkit-2029646655237656576.zip to /tmp
2026-03-05 19:58:19	Metadata key("startup-script"), command("/bin/bash"): Extracting files from oracle-toolkit-2029646655237656576.zip to /oracle-toolkit
2026-03-05 19:58:19	Metadata key("startup-script"), command("/bin/bash"): num_nodes=2
2026-03-05 19:58:19	Metadata key("startup-script"), command("/bin/bash"): PRIMARY_IP: 192.168.10.99
2026-03-05 19:58:19	Metadata key("startup-script"), command("/bin/bash"): Triggering SSH key creation via OS Login by running a one-time gcloud compute ssh command.
2026-03-05 19:58:19	Metadata key("startup-script"), command("/bin/bash"): This ensures that a persistent SSH key pair is created and associated with your Google Account.
2026-03-05 19:58:19	Metadata key("startup-script"), command("/bin/bash"): The private auto-generated ssh key (~/.ssh/google_compute_engine) will be used by Ansible to connect to the VM and run playbooks remotely.
2026-03-05 19:58:19	Metadata key("startup-script"), command("/bin/bash"): Command:
2026-03-05 19:58:19	Metadata key("startup-script"), command("/bin/bash"): gcloud --quiet compute ssh 'github-presubmit-dg-2029646655237656576-1' --zone='us-central1-b' --internal-ip --command whoami
2026-03-05 19:58:18	Metadata key("startup-script"), command("/bin/bash"): 
2026-03-05 19:58:18	Metadata key("startup-script"), command("/bin/bash"): Copying gs://oracle-toolkit-presubmit-artifacts/oracle-toolkit-2029646655237656576.zip to file:///tmp/oracle-toolkit-2029646655237656576.zip
2026-03-05 19:58:18	Metadata key("startup-script"), command("/bin/bash"):   
2026-03-05 19:58:18	Metadata key("startup-script"), command("/bin/bash"): 
2026-03-05 19:58:18	Metadata key("startup-script"), command("/bin/bash"): Average throughput: 154.2MiB/s
2026-03-05 19:58:20	Metadata key("startup-script"), command("/bin/bash"): WARNING: The private SSH key file for gcloud does not exist.
2026-03-05 19:58:20	Metadata key("startup-script"), command("/bin/bash"): WARNING: The public SSH key file for gcloud does not exist.
2026-03-05 19:58:20	Metadata key("startup-script"), command("/bin/bash"): WARNING: You do not have an SSH key for gcloud.
2026-03-05 19:58:20	Metadata key("startup-script"), command("/bin/bash"): WARNING: SSH keygen will be executed to generate a key.
2026-03-05 19:58:22	Metadata key("startup-script"), command("/bin/bash"): Generating public/private rsa key pair.
2026-03-05 19:58:22	Metadata key("startup-script"), command("/bin/bash"): Your public key has been saved in /root/.ssh/google_compute_engine.pub
2026-03-05 19:58:22	Metadata key("startup-script"), command("/bin/bash"): SHA256:tdXPWccpjQRJUmyWNBu35Nw5YRTSuEzXkP6yO/xKTT0 root@github-presubmit-dg-control-node-c227a9ee
2026-03-05 19:58:22	Metadata key("startup-script"), command("/bin/bash"): The key's randomart image is:
2026-03-05 19:58:22	Metadata key("startup-script"), command("/bin/bash"): +---[RSA 3[118;1:3u072]----+
2026-03-05 19:58:22	Metadata key("startup-script"), command("/bin/bash"): |         .=B+==Bo|
2026-03-05 19:58:22	Metadata key("startup-script"), command("/bin/bash"): |          +.+B+*+|
2026-03-05 19:58:22	Metadata key("startup-script"), command("/bin/bash"): |         . o ooo*|
2026-03-05 19:58:22	Metadata key("startup-script"), command("/bin/bash"): |             .+  |
2026-03-05 19:58:22	Metadata key("startup-script"), command("/bin/bash"): +----[SHA256]-----+
2026-03-05 19:58:22	Metadata key("startup-script"), command("/bin/bash"): Your identification has been saved in /root/.ssh/google_compute_engine
2026-03-05 19:58:22	Metadata key("startup-script"), command("/bin/bash"): |              .oo|
2026-03-05 19:58:22	Metadata key("startup-script"), command("/bin/bash"): |             ..o.|
2026-03-05 19:58:24	Metadata key("startup-script"), command("/bin/bash"): sa_112673854576533221832
2026-03-05 19:58:22	Metadata key("startup-script"), command("/bin/bash"): The key fingerprint is:
2026-03-05 19:58:22	Metadata key("startup-script"), command("/bin/bash"): |          .*X+O+=|
2026-03-05 19:58:22	Metadata key("startup-script"), command("/bin/bash"): |        S .    E=|
2026-03-05 19:58:22	Metadata key("startup-script"), command("/bin/bash"): |              o=.|
2026-03-05 19:58:24	Metadata key("startup-script"), command("/bin/bash"): Writing 3 keys to /root/.ssh/google_compute_known_hosts
2026-03-05 19:58:26	Metadata key("startup-script"), command("/bin/bash"): Setting expiration on SSH key
2026-03-05 19:58:27	Metadata key("startup-script"), command("/bin/bash"): expirationTimeUsec: '1772827107133404'
2026-03-05 19:58:27	Metadata key("startup-script"), command("/bin/bash"): fingerprint: 7268be12c627e176d851515f1d109a231b4bff4ed1ff2f5a4ffb2d227b8cecc9
2026-03-05 19:58:27	Metadata key("startup-script"), command("/bin/bash"): key: ssh-rsa AAAAB3NzaC1yc2EAAAADAQABAAABgQC7nHntMIMfWa5gVsnBbT9+0wud/+UbtPuq4zBEwrR8RZb9J7Hl8lPsAgjvWzU5V5BofsXu7AUVcviVLnaaTef08bg72oiJfTDSjaBxrIwpTdAm5mlQsoCvJfwD1Oft6+5TESMGzTWl6gYuLQu5iJXmvSNDYwqXvW+f2koViNSr+rI0c5ZWlh30dKLOv/fAz/U9YQMih/86sahs/miTefaZMFSxces7KYPJx1rFTPNTCnWiiy8gd05uCfY3IW1ZTNt3Qg0/LfSvQAXsU7Y89m+/QfoUfehBw3xMQ4Z6Tih2LSPOg84IrW+ODV5619jUZN0Tbp3gsB42Var2KqlCg9BQ4upameHhZ3XvL/mCSC/GENVroR3V+27HIfqjtmyv+0OZcXtlptIRQlzLaYaZavtdoIPGaYeaxbmDDqe5fAGQrwdKzVwKSkDAwL5aqqlQR+hwdGbtsO4o0+JaTNqVlMmXif6AVSA3zO9z8J1vlC8RS9HF9xWpivImt0SP7i1iSYc=
2026-03-05 19:58:27	Metadata key("startup-script"), command("/bin/bash"):   root@github-presubmit-dg-control-node-c227a9ee
2026-03-05 19:58:27	Metadata key("startup-script"), command("/bin/bash"): name: users/control-node-sa@gcp-oracle-benchmarks.iam.gserviceaccount.com/sshPublicKeys/7268be12c627e176d851515f1d109a231b4bff4ed1ff2f5a4ffb2d227b8cecc9
2026-03-05 19:58:28	Metadata key("startup-script"), command("/bin/bash"): Configuring PRIMARY node: github-presubmit-dg-2029646655237656576-1, IP: 192.168.10.99, Zone: us-central1-b
2026-03-05 19:58:28	Metadata key("startup-script"), command("/bin/bash"): Running playbook: validate-config.yml
2026-03-05 19:58:29	Metadata key("startup-script"), command("/bin/bash"): 
2026-03-05 19:58:29	Metadata key("startup-script"), command("/bin/bash"): ok: [192.168.10.99] => {
2026-03-05 19:58:29	Metadata key("startup-script"), command("/bin/bash"):     "changed": false,
2026-03-05 19:58:29	Metadata key("startup-script"), command("/bin/bash"):     "msg": "All assertions passed"
2026-03-05 19:58:29	Metadata key("startup-script"), command("/bin/bash"): }
2026-03-05 19:58:29	Metadata key("startup-script"), command("/bin/bash"): 
2026-03-05 19:58:29	Metadata key("startup-script"), command("/bin/bash"): TASK [Validate ora_release value] **********************************************
2026-03-05 19:58:29	Metadata key("startup-script"), command("/bin/bash"):     "msg": "All assertions passed"
2026-03-05 19:58:29	Metadata key("startup-script"), command("/bin/bash"): }
2026-03-05 19:58:29	Metadata key("startup-script"), command("/bin/bash"):     "msg": "All assertions passed"
2026-03-05 19:58:29	Metadata key("startup-script"), command("/bin/bash"): }
2026-03-05 19:58:30	Metadata key("startup-script"), command("/bin/bash"): TASK [Validate cluster_type value] *********************************************
2026-03-05 19:58:30	Metadata key("startup-script"), command("/bin/bash"): }
2026-03-05 19:58:30	Metadata key("startup-script"), command("/bin/bash"): ok: [192.168.10.99] => {
2026-03-05 19:58:30	Metadata key("startup-script"), command("/bin/bash"): }
2026-03-05 19:58:30	Metadata key("startup-script"), command("/bin/bash"): 
2026-03-05 19:58:30	Metadata key("startup-script"), command("/bin/bash"): }
2026-03-05 19:58:30	Metadata key("startup-script"), command("/bin/bash"): TASK [Validate ora_disk_mgmt value] ********************************************
2026-03-05 19:58:29	Metadata key("startup-script"), command("/bin/bash"): 
2026-03-05 19:58:29	Metadata key("startup-script"), command("/bin/bash"): TASK [Validate ora_version value] **********************************************
2026-03-05 19:58:29	Metadata key("startup-script"), command("/bin/bash"): 
2026-03-05 19:58:29	Metadata key("startup-script"), command("/bin/bash"): TASK [Validate ora_edition value] **********************************************
2026-03-05 19:58:30	Metadata key("startup-script"), command("/bin/bash"): 
2026-03-05 19:58:30	Metadata key("startup-script"), command("/bin/bash"): ok: [192.168.10.99] => {
2026-03-05 19:58:30	Metadata key("startup-script"), command("/bin/bash"):     "changed": false,
2026-03-05 19:58:30	Metadata key("startup-script"), command("/bin/bash"):     "msg": "All assertions passed"
2026-03-05 19:58:30	Metadata key("startup-script"), command("/bin/bash"): TASK [Validate ora_swlib_bucket value] *****************************************
2026-03-05 19:58:30	Metadata key("startup-script"), command("/bin/bash"):     "changed": false,
2026-03-05 19:58:30	Metadata key("startup-script"), command("/bin/bash"):     "msg": "All assertions passed"
2026-03-05 19:58:30	Metadata key("startup-script"), command("/bin/bash"): ok: [192.168.10.99] => {
2026-03-05 19:58:30	Metadata key("startup-script"), command("/bin/bash"):     "changed": false,
2026-03-05 19:58:30	Metadata key("startup-script"), command("/bin/bash"):     "msg": "All assertions passed"
2026-03-05 19:58:30	Metadata key("startup-script"), command("/bin/bash"): 
2026-03-05 19:58:30	Metadata key("startup-script"), command("/bin/bash"): ok: [192.168.10.99] => {
2026-03-05 19:58:30	Metadata key("startup-script"), command("/bin/bash"):     "changed": false,
2026-03-05 19:58:30	Metadata key("startup-script"), command("/bin/bash"):     "msg": "All assertions passed"
2026-03-05 19:58:30	Metadata key("startup-script"), command("/bin/bash"): }
2026-03-05 19:58:30	Metadata key("startup-script"), command("/bin/bash"): 
2026-03-05 19:58:30	Metadata key("startup-script"), command("/bin/bash"): TASK [Validate ora_db_type value] **********************************************
2026-03-05 19:58:30	Metadata key("startup-script"), command("/bin/bash"): ok: [192.168.10.99] => {
2026-03-05 19:58:30	Metadata key("startup-script"), command("/bin/bash"):     "changed": false,
2026-03-05 19:58:30	Metadata key("startup-script"), command("/bin/bash"):     "msg": "All assertions passed"
2026-03-05 19:58:30	Metadata key("startup-script"), command("/bin/bash"): }
2026-03-05 19:58:31	Metadata key("startup-script"), command("/bin/bash"): 
2026-03-05 19:58:31	Metadata key("startup-script"), command("/bin/bash"): TASK [Validate ASM is not used with FS] ****************************************
2026-03-05 19:58:31	Metadata key("startup-script"), command("/bin/bash"): ok: [192.168.10.99] => {
2026-03-05 19:58:31	Metadata key("startup-script"), command("/bin/bash"):     "msg": "All assertions passed"
2026-03-05 19:58:31	Metadata key("startup-script"), command("/bin/bash"): }
2026-03-05 19:58:31	Metadata key("startup-script"), command("/bin/bash"): 
2026-03-05 19:58:31	Metadata key("startup-script"), command("/bin/bash"): ok: [192.168.10.99] => (item=/u02/oradata) => {
2026-03-05 19:58:31	Metadata key("startup-script"), command("/bin/bash"):     "ansible_loop_var": "item",
2026-03-05 19:58:31	Metadata key("startup-script"), command("/bin/bash"):     "changed": false,
2026-03-05 19:58:31	Metadata key("startup-script"), command("/bin/bash"):     "item": "/u02/oradata",
2026-03-05 19:58:31	Metadata key("startup-script"), command("/bin/bash"):     "msg": "All assertions passed"
2026-03-05 19:58:31	Metadata key("startup-script"), command("/bin/bash"): }
2026-03-05 19:58:31	Metadata key("startup-script"), command("/bin/bash"): ok: [192.168.10.99] => (item=/u03/fast_recovery_area) => {
2026-03-05 19:58:31	Metadata key("startup-script"), command("/bin/bash"):     "ansible_loop_var": "item",
2026-03-05 19:58:31	Metadata key("startup-script"), command("/bin/bash"):     "changed": false,
2026-03-05 19:58:31	Metadata key("startup-script"), command("/bin/bash"):     "item": "/u03/fast_recovery_area",
2026-03-05 19:58:31	Metadata key("startup-script"), command("/bin/bash"):     "msg": "All assertions passed"
2026-03-05 19:58:31	Metadata key("startup-script"), command("/bin/bash"): }
2026-03-05 19:58:29	Metadata key("startup-script"), command("/bin/bash"): PLAY [Validate Configuration] **************************************************
2026-03-05 19:58:29	Metadata key("startup-script"), command("/bin/bash"): ok: [192.168.10.99] => {
2026-03-05 19:58:29	Metadata key("startup-script"), command("/bin/bash"): ok: [192.168.10.99] => {
2026-03-05 19:58:29	Metadata key("startup-script"), command("/bin/bash"):     "changed": false,
2026-03-05 19:58:30	Metadata key("startup-script"), command("/bin/bash"): 
2026-03-05 19:58:30	Metadata key("startup-script"), command("/bin/bash"): TASK [Validate ora_swlib_type value] *******************************************
2026-03-05 19:58:31	Metadata key("startup-script"), command("/bin/bash"):     "changed": false,
2026-03-05 19:58:31	Metadata key("startup-script"), command("/bin/bash"): TASK [Validate destination formats] ********************************************
2026-03-05 19:58:29	Metadata key("startup-script"), command("/bin/bash"):     "changed": false,
2026-03-05 19:58:31	Metadata key("startup-script"), command("/bin/bash"): 
2026-03-05 19:58:31	Metadata key("startup-script"), command("/bin/bash"): TASK [Validate db_password_secret format] **************************************
2026-03-05 19:58:31	Metadata key("startup-script"), command("/bin/bash"): ok: [192.168.10.99] => {
2026-03-05 19:58:31	Metadata key("startup-script"), command("/bin/bash"):     "changed": false,
2026-03-05 19:58:31	Metadata key("startup-script"), command("/bin/bash"):     "msg": "All assertions passed"
2026-03-05 19:58:31	Metadata key("startup-script"), command("/bin/bash"): }
2026-03-05 19:58:31	Metadata key("startup-script"), command("/bin/bash"): 
2026-03-05 19:58:31	Metadata key("startup-script"), command("/bin/bash"): TASK [Validate oracle_metrics_secret format] ***********************************
2026-03-05 19:58:31	Metadata key("startup-script"), command("/bin/bash"): ok: [192.168.10.99] => {
2026-03-05 19:58:31	Metadata key("startup-script"), command("/bin/bash"):     "changed": false,
2026-03-05 19:58:31	Metadata key("startup-script"), command("/bin/bash"):     "msg": "All assertions passed"
2026-03-05 19:58:31	Metadata key("startup-script"), command("/bin/bash"): }
2026-03-05 19:58:31	Metadata key("startup-script"), command("/bin/bash"): 
2026-03-05 19:58:31	Metadata key("startup-script"), command("/bin/bash"): TASK [Validate workload agent dependency] **************************************
2026-03-05 19:58:31	Metadata key("startup-script"), command("/bin/bash"): ok: [192.168.10.99] => {
2026-03-05 19:58:31	Metadata key("startup-script"), command("/bin/bash"):     "changed": false,
2026-03-05 19:58:31	Metadata key("startup-script"), command("/bin/bash"):     "msg": "All assertions passed"
2026-03-05 19:58:31	Metadata key("startup-script"), command("/bin/bash"): }
2026-03-05 19:58:31	Metadata key("startup-script"), command("/bin/bash"): 
2026-03-05 19:58:31	Metadata key("startup-script"), command("/bin/bash"): TASK [Validate Data Guard protection mode] *************************************
2026-03-05 19:58:31	Metadata key("startup-script"), command("/bin/bash"): ok: [192.168.10.99] => {
2026-03-05 19:58:31	Metadata key("startup-script"), command("/bin/bash"):     "changed": false,
2026-03-05 19:58:31	Metadata key("startup-script"), command("/bin/bash"):     "msg": "All assertions passed"
2026-03-05 19:58:31	Metadata key("startup-script"), command("/bin/bash"): }
2026-03-05 19:58:32	Metadata key("startup-script"), command("/bin/bash"): 
2026-03-05 19:58:32	Metadata key("startup-script"), command("/bin/bash"): TASK [Validate Oracle object names] ********************************************
2026-03-05 19:58:32	Metadata key("startup-script"), command("/bin/bash"): ok: [192.168.10.99] => (item=orcl) => {
2026-03-05 19:58:32	Metadata key("startup-script"), command("/bin/bash"):     "ansible_loop_var": "item",
2026-03-05 19:58:32	Metadata key("startup-script"), command("/bin/bash"):     "changed": false,
2026-03-05 19:58:32	Metadata key("startup-script"), command("/bin/bash"):     "item": "orcl",
2026-03-05 19:58:32	Metadata key("startup-script"), command("/bin/bash"):     "msg": "All assertions passed"
2026-03-05 19:58:32	Metadata key("startup-script"), command("/bin/bash"): }
2026-03-05 19:58:32	Metadata key("startup-script"), command("/bin/bash"): ok: [192.168.10.99] => (item=LISTENER) => {
2026-03-05 19:58:32	Metadata key("startup-script"), command("/bin/bash"):     "ansible_loop_var": "item",
2026-03-05 19:58:32	Metadata key("startup-script"), command("/bin/bash"):     "changed": false,
2026-03-05 19:58:32	Metadata key("startup-script"), command("/bin/bash"):     "item": "LISTENER",
2026-03-05 19:58:32	Metadata key("startup-script"), command("/bin/bash"):     "msg": "All assertions passed"
2026-03-05 19:58:32	Metadata key("startup-script"), command("/bin/bash"): }
2026-03-05 19:58:32	Metadata key("startup-script"), command("/bin/bash"): ok: [192.168.10.99] => (item=PDB) => {
2026-03-05 19:58:32	Metadata key("startup-script"), command("/bin/bash"):     "ansible_loop_var": "item",
2026-03-05 19:58:32	Metadata key("startup-script"), command("/bin/bash"):     "changed": false,
2026-03-05 19:58:32	Metadata key("startup-script"), command("/bin/bash"):     "item": "PDB",
2026-03-05 19:58:32	Metadata key("startup-script"), command("/bin/bash"):     "msg": "All assertions passed"
2026-03-05 19:58:32	Metadata key("startup-script"), command("/bin/bash"): }
2026-03-05 19:58:32	Metadata key("startup-script"), command("/bin/bash"): 
2026-03-05 19:58:32	Metadata key("startup-script"), command("/bin/bash"): TASK [Validate listener port] **************************************************
2026-03-05 19:58:32	Metadata key("startup-script"), command("/bin/bash"): ok: [192.168.10.99] => {
2026-03-05 19:58:32	Metadata key("startup-script"), command("/bin/bash"):     "changed": false,
2026-03-05 19:58:32	Metadata key("startup-script"), command("/bin/bash"):     "msg": "All assertions passed"
2026-03-05 19:58:32	Metadata key("startup-script"), command("/bin/bash"): }
2026-03-05 19:58:32	Metadata key("startup-script"), command("/bin/bash"): 
2026-03-05 19:58:32	Metadata key("startup-script"), command("/bin/bash"): TASK [Validate PDB count] ******************************************************
2026-03-05 19:58:32	Metadata key("startup-script"), command("/bin/bash"): ok: [192.168.10.99] => {
2026-03-05 19:58:32	Metadata key("startup-script"), command("/bin/bash"):     "changed": false,
2026-03-05 19:58:32	Metadata key("startup-script"), command("/bin/bash"):     "msg": "All assertions passed"
2026-03-05 19:58:32	Metadata key("startup-script"), command("/bin/bash"): }
2026-03-05 19:58:32	Metadata key("startup-script"), command("/bin/bash"): 
2026-03-05 19:58:32	Metadata key("startup-script"), command("/bin/bash"): TASK [Validate ora_redo_log_size format] ***************************************
2026-03-05 19:58:32	Metadata key("startup-script"), command("/bin/bash"): ok: [192.168.10.99] => {
2026-03-05 19:58:32	Metadata key("startup-script"), command("/bin/bash"):     "changed": false,
2026-03-05 19:58:32	Metadata key("startup-script"), command("/bin/bash"):     "msg": "All assertions passed"
2026-03-05 19:58:32	Metadata key("startup-script"), command("/bin/bash"): }
2026-03-05 19:58:33	Metadata key("startup-script"), command("/bin/bash"): 
2026-03-05 19:58:33	Metadata key("startup-script"), command("/bin/bash"): TASK [Validate db_domain] ******************************************************
2026-03-05 19:58:33	Metadata key("startup-script"), command("/bin/bash"): ok: [192.168.10.99] => {
2026-03-05 19:58:33	Metadata key("startup-script"), command("/bin/bash"):     "changed": false,
2026-03-05 19:58:33	Metadata key("startup-script"), command("/bin/bash"):     "msg": "All assertions passed"
2026-03-05 19:58:33	Metadata key("startup-script"), command("/bin/bash"): }
2026-03-05 19:58:33	Metadata key("startup-script"), command("/bin/bash"): 
2026-03-05 19:58:33	Metadata key("startup-script"), command("/bin/bash"): TASK [Validate backup redundancy] **********************************************
2026-03-05 19:58:33	Metadata key("startup-script"), command("/bin/bash"): ok: [192.168.10.99] => (item=2) => {
2026-03-05 19:58:33	Metadata key("startup-script"), command("/bin/bash"):     "ansible_loop_var": "item",
2026-03-05 19:58:33	Metadata key("startup-script"), command("/bin/bash"):     "changed": false,
2026-03-05 19:58:33	Metadata key("startup-script"), command("/bin/bash"):     "item": "2",
2026-03-05 19:58:33	Metadata key("startup-script"), command("/bin/bash"):     "msg": "All assertions passed"
2026-03-05 19:58:33	Metadata key("startup-script"), command("/bin/bash"): }
2026-03-05 19:58:33	Metadata key("startup-script"), command("/bin/bash"): ok: [192.168.10.99] => (item=2) => {
2026-03-05 19:58:33	Metadata key("startup-script"), command("/bin/bash"):     "ansible_loop_var": "item",
2026-03-05 19:58:33	Metadata key("startup-script"), command("/bin/bash"):     "changed": false,
2026-03-05 19:58:33	Metadata key("startup-script"), command("/bin/bash"):     "item": "2",
2026-03-05 19:58:33	Metadata key("startup-script"), command("/bin/bash"):     "msg": "All assertions passed"
2026-03-05 19:58:33	Metadata key("startup-script"), command("/bin/bash"): }
2026-03-05 19:58:33	Metadata key("startup-script"), command("/bin/bash"): ok: [192.168.10.99] => (item=7) => {
2026-03-05 19:58:33	Metadata key("startup-script"), command("/bin/bash"):     "ansible_loop_var": "item",
2026-03-05 19:58:33	Metadata key("startup-script"), command("/bin/bash"):     "changed": false,
2026-03-05 19:58:33	Metadata key("startup-script"), command("/bin/bash"):     "item": "7",
2026-03-05 19:58:33	Metadata key("startup-script"), command("/bin/bash"):     "msg": "All assertions passed"
2026-03-05 19:58:33	Metadata key("startup-script"), command("/bin/bash"): }
2026-03-05 19:58:33	Metadata key("startup-script"), command("/bin/bash"): 
2026-03-05 19:58:33	Metadata key("startup-script"), command("/bin/bash"): TASK [Validate swap_blk_device] ************************************************
2026-03-05 19:58:33	Metadata key("startup-script"), command("/bin/bash"): ok: [192.168.10.99] => {
2026-03-05 19:58:33	Metadata key("startup-script"), command("/bin/bash"):     "changed": false,
2026-03-05 19:58:33	Metadata key("startup-script"), command("/bin/bash"):     "msg": "All assertions passed"
2026-03-05 19:58:33	Metadata key("startup-script"), command("/bin/bash"): }
2026-03-05 19:58:34	Metadata key("startup-script"), command("/bin/bash"): 
2026-03-05 19:58:34	Metadata key("startup-script"), command("/bin/bash"): TASK [Validate instance_hostname] **********************************************
2026-03-05 19:58:34	Metadata key("startup-script"), command("/bin/bash"): ok: [192.168.10.99] => {
2026-03-05 19:58:34	Metadata key("startup-script"), command("/bin/bash"):     "changed": false,
2026-03-05 19:58:34	Metadata key("startup-script"), command("/bin/bash"):     "msg": "All assertions passed"
2026-03-05 19:58:34	Metadata key("startup-script"), command("/bin/bash"): }
2026-03-05 19:58:34	Metadata key("startup-script"), command("/bin/bash"): 
2026-03-05 19:58:34	Metadata key("startup-script"), command("/bin/bash"): TASK [Validate instance_ip_addr] ***********************************************
2026-03-05 19:58:34	Metadata key("startup-script"), command("/bin/bash"): ok: [192.168.10.99] => {
2026-03-05 19:58:34	Metadata key("startup-script"), command("/bin/bash"):     "changed": false,
2026-03-05 19:58:34	Metadata key("startup-script"), command("/bin/bash"):     "msg": "All assertions passed"
2026-03-05 19:58:34	Metadata key("startup-script"), command("/bin/bash"): }
2026-03-05 19:58:34	Metadata key("startup-script"), command("/bin/bash"): 
2026-03-05 19:58:34	Metadata key("startup-script"), command("/bin/bash"): TASK [Validate instance_ssh_user] **********************************************
2026-03-05 19:58:34	Metadata key("startup-script"), command("/bin/bash"): ok: [192.168.10.99] => {
2026-03-05 19:58:34	Metadata key("startup-script"), command("/bin/bash"):     "changed": false,
2026-03-05 19:58:34	Metadata key("startup-script"), command("/bin/bash"):     "msg": "All assertions passed"
2026-03-05 19:58:34	Metadata key("startup-script"), command("/bin/bash"): }
2026-03-05 19:58:34	Metadata key("startup-script"), command("/bin/bash"): 
2026-03-05 19:58:34	Metadata key("startup-script"), command("/bin/bash"): TASK [Validate instance_ssh_key] ***********************************************
2026-03-05 19:58:34	Metadata key("startup-script"), command("/bin/bash"): ok: [192.168.10.99] => {
2026-03-05 19:58:34	Metadata key("startup-script"), command("/bin/bash"):     "changed": false,
2026-03-05 19:58:34	Metadata key("startup-script"), command("/bin/bash"):     "msg": "All assertions passed"
2026-03-05 19:58:34	Metadata key("startup-script"), command("/bin/bash"): }
2026-03-05 19:58:34	Metadata key("startup-script"), command("/bin/bash"): 
2026-03-05 19:58:34	Metadata key("startup-script"), command("/bin/bash"): TASK [Validate ntp_pref] *******************************************************
2026-03-05 19:58:34	Metadata key("startup-script"), command("/bin/bash"): ok: [192.168.10.99] => {
2026-03-05 19:58:34	Metadata key("startup-script"), command("/bin/bash"):     "changed": false,
2026-03-05 19:58:34	Metadata key("startup-script"), command("/bin/bash"):     "msg": "All assertions passed"
2026-03-05 19:58:34	Metadata key("startup-script"), command("/bin/bash"): }
2026-03-05 19:58:35	Metadata key("startup-script"), command("/bin/bash"): 
2026-03-05 19:58:35	Metadata key("startup-script"), command("/bin/bash"): TASK [Assert that ora_data_mounts and ora_data_mounts_json are mutually exclusive] ***
2026-03-05 19:58:35	Metadata key("startup-script"), command("/bin/bash"): ok: [192.168.10.99] => {
2026-03-05 19:58:35	Metadata key("startup-script"), command("/bin/bash"):     "changed": false,
2026-03-05 19:58:35	Metadata key("startup-script"), command("/bin/bash"):     "msg": "All assertions passed"
2026-03-05 19:58:35	Metadata key("startup-script"), command("/bin/bash"): }
2026-03-05 19:58:35	Metadata key("startup-script"), command("/bin/bash"): 
2026-03-05 19:58:35	Metadata key("startup-script"), command("/bin/bash"): TASK [Assert that a data mounts configuration is provided] *********************
2026-03-05 19:58:35	Metadata key("startup-script"), command("/bin/bash"): ok: [192.168.10.99] => {
2026-03-05 19:58:35	Metadata key("startup-script"), command("/bin/bash"):     "changed": false,
2026-03-05 19:58:35	Metadata key("startup-script"), command("/bin/bash"):     "msg": "All assertions passed"
2026-03-05 19:58:35	Metadata key("startup-script"), command("/bin/bash"): }
2026-03-05 19:58:35	Metadata key("startup-script"), command("/bin/bash"): 
2026-03-05 19:58:35	Metadata key("startup-script"), command("/bin/bash"): TASK [Validate ora_data_mounts_json format] ************************************
2026-03-05 19:58:35	Metadata key("startup-script"), command("/bin/bash"): ok: [192.168.10.99] => {
2026-03-05 19:58:35	Metadata key("startup-script"), command("/bin/bash"):     "changed": false,
2026-03-05 19:58:35	Metadata key("startup-script"), command("/bin/bash"):     "msg": "All assertions passed"
2026-03-05 19:58:35	Metadata key("startup-script"), command("/bin/bash"): }
2026-03-05 19:58:48	Metadata key("startup-script"), command("/bin/bash"): 
2026-03-05 19:58:48	Metadata key("startup-script"), command("/bin/bash"): PLAY RECAP *********************************************************************
2026-03-05 19:58:50	Metadata key("startup-script"), command("/bin/bash"): 
2026-03-05 19:58:50	Metadata key("startup-script"), command("/bin/bash"): ok: [192.168.10.99]
2026-03-05 19:58:50	Metadata key("startup-script"), command("/bin/bash"): 
2026-03-05 19:58:48	Metadata key("startup-script"), command("/bin/bash"): 192.168.10.99              : ok=29   changed=0    unreachable=0    failed=0    skipped=26   rescued=0    ignored=0   
2026-03-05 19:58:48	Metadata key("startup-script"), command("/bin/bash"): 
2026-03-05 19:58:48	Metadata key("startup-script"), command("/bin/bash"): Running playbook: check-instance.yml
2026-03-05 19:58:49	Metadata key("startup-script"), command("/bin/bash"): 
2026-03-05 19:58:49	Metadata key("startup-script"), command("/bin/bash"): PLAY [Playbook main tasks] *****************************************************
2026-03-05 19:58:50	Metadata key("startup-script"), command("/bin/bash"): TASK [Test connectivity to target instance using the ping module] **************
2026-03-05 19:58:50	Metadata key("startup-script"), command("/bin/bash"): TASK [Check that Python is installed in the target] ****************************
2026-03-05 19:58:50	Metadata key("startup-script"), command("/bin/bash"): ok: [192.168.10.99]
2026-03-05 19:58:51	Metadata key("startup-script"), command("/bin/bash"): 
2026-03-05 19:58:51	Metadata key("startup-script"), command("/bin/bash"): TASK [Check environment readiness] *********************************************
2026-03-05 19:58:52	Metadata key("startup-script"), command("/bin/bash"): 
2026-03-05 19:58:52	Metadata key("startup-script"), command("/bin/bash"): TASK [common : Gather target hardware facts] ***********************************
2026-03-05 19:58:52	Metadata key("startup-script"), command("/bin/bash"): ok: [192.168.10.99]
2026-03-05 19:58:52	Metadata key("startup-script"), command("/bin/bash"): 
2026-03-05 19:58:52	Metadata key("startup-script"), command("/bin/bash"): TASK [common : readiness_check | Ansible version is 2.9 or higher] *************
2026-03-05 19:58:52	Metadata key("startup-script"), command("/bin/bash"): ok: [192.168.10.99]
2026-03-05 19:58:52	Metadata key("startup-script"), command("/bin/bash"): 
2026-03-05 19:58:52	Metadata key("startup-script"), command("/bin/bash"): TASK [common : readiness_check | JMESpath is installed] ************************
2026-03-05 19:58:52	Metadata key("startup-script"), command("/bin/bash"): ok: [192.168.10.99]
2026-03-05 19:58:52	Metadata key("startup-script"), command("/bin/bash"): 
2026-03-05 19:58:52	Metadata key("startup-script"), command("/bin/bash"): TASK [common : readiness_check | OS family is RedHat] **************************
2026-03-05 19:58:52	Metadata key("startup-script"), command("/bin/bash"): ok: [192.168.10.99]
2026-03-05 19:58:52	Metadata key("startup-script"), command("/bin/bash"): 
2026-03-05 19:58:52	Metadata key("startup-script"), command("/bin/bash"): TASK [common : readiness_check | OS version is >= 7.3] *************************
2026-03-05 19:58:52	Metadata key("startup-script"), command("/bin/bash"): ok: [192.168.10.99]
2026-03-05 19:58:52	Metadata key("startup-script"), command("/bin/bash"): 
2026-03-05 19:58:52	Metadata key("startup-script"), command("/bin/bash"): TASK [common : readiness_check | Target memory >= 2560] ************************
2026-03-05 19:58:52	Metadata key("startup-script"), command("/bin/bash"): ok: [192.168.10.99]
2026-03-05 19:58:53	Metadata key("startup-script"), command("/bin/bash"): 
2026-03-05 19:58:53	Metadata key("startup-script"), command("/bin/bash"): TASK [common : readiness_check | Validate privilege escalation ("become_user: root") ability] ***
2026-03-05 19:58:53	Metadata key("startup-script"), command("/bin/bash"): ok: [192.168.10.99]
2026-03-05 19:58:55	Metadata key("startup-script"), command("/bin/bash"): 
2026-03-05 19:58:55	Metadata key("startup-script"), command("/bin/bash"): PLAY RECAP *********************************************************************
2026-03-05 19:58:55	Metadata key("startup-script"), command("/bin/bash"): 192.168.10.99              : ok=9    changed=0    unreachable=0    failed=0    skipped=7    rescued=0    ignored=0   
2026-03-05 19:58:55	Metadata key("startup-script"), command("/bin/bash"): 
2026-03-05 19:58:56	Metadata key("startup-script"), command("/bin/bash"): Running playbook: prep-host.yml
2026-03-05 19:58:57	Metadata key("startup-script"), command("/bin/bash"): 
2026-03-05 19:58:57	Metadata key("startup-script"), command("/bin/bash"): PLAY [Playbook pre_tasks] ******************************************************
2026-03-05 19:58:57	Metadata key("startup-script"), command("/bin/bash"): 
2026-03-05 19:58:57	Metadata key("startup-script"), command("/bin/bash"): TASK [Check environment readiness] *********************************************
2026-03-05 19:58:58	Metadata key("startup-script"), command("/bin/bash"): 
2026-03-05 19:58:58	Metadata key("startup-script"), command("/bin/bash"): TASK [common : Gather target hardware facts] ***********************************
202[27;1:3u6-03-05 19:58:59	Metadata key("startup-script"), command("/bin/bash"): TASK [common : readiness_check | JMESpath is installed] ************************
2026-03-05 19:58:59	Metadata key("startup-script"), command("/bin/bash"): ok: [192.168.10.99]
2026-03-05 19:58:59	Metadata key("startup-script"), command("/bin/bash"): 
2026-03-05 19:58:59	Metadata key("startup-script"), command("/bin/bash"): TASK [common : readiness_check | OS family is RedHat] **************************
2026-03-05 19:58:59	Metadata key("startup-script"), command("/bin/bash"): ok: [192.168.10.99]
2026-03-05 19:58:59	Metadata key("startup-script"), command("/bin/bash"): 
2026-03-05 19:58:59	Metadata key("startup-script"), command("/bin/bash"): TASK [common : readiness_check | OS version is >= 7.3] *************************
2026-03-05 19:58:59	Metadata key("startup-script"), command("/bin/bash"): 
2026-03-05 19:58:59	Metadata key("startup-script"), command("/bin/bash"): TASK [common : readiness_check | Target memory >= 2560] ************************
2026-03-05 19:58:59	Metadata key("startup-script"), command("/bin/bash"): ok: [192.168.10.99]
2026-03-05 19:59:00	Metadata key("startup-script"), command("/bin/bash"): TASK [common : readiness_check | Validate privilege escalation ("become_user: root") ability] ***
2026-03-05 19:59:00	Metadata key("startup-script"), command("/bin/bash"): ok: [192.168.10.99]
2026-03-05 19:59:00	Metadata key("startup-script"), command("/bin/bash"): 
2026-03-05 19:59:00	Metadata key("startup-script"), command("/bin/bash"): TASK [common : populate-vars | Show resolved release] **************************
2026-03-05 19:59:00	Metadata key("startup-script"), command("/bin/bash"):     "oracle_rel": "19.30.0.0.260120"
2026-03-05 19:59:00	Metadata key("startup-script"), command("/bin/bash"): }
2026-03-05 19:59:00	Metadata key("startup-script"), command("/bin/bash"): PLAY [dbasm] *******************************************************************
2026-03-05 19:59:01	Metadata key("startup-script"), command("/bin/bash"): 
2026-03-05 19:59:00	Metadata key("startup-script"), command("/bin/bash"): TASK [common : populate-vars | Resolve software release] ***********************
2026-03-05 19:59:00	Metadata key("startup-script"), command("/bin/bash"): ok: [192.168.10.99]
2026-03-05 19:59:00	Metadata key("startup-script"), command("/bin/bash"): ok: [192.168.10.99] => {
2026-03-05 19:59:01	Metadata key("startup-script"), command("/bin/bash"): ok: [192.168.10.99]
2026-03-05 19:58:58	Metadata key("startup-script"), command("/bin/bash"): ok: [192.168.10.99]
2026-03-05 19:58:59	Metadata key("startup-script"), command("/bin/bash"): 
2026-03-05 19:58:59	Metadata key("startup-script"), command("/bin/bash"): TASK [common : readiness_check | Ansible version is 2.9 or higher] *************
2026-03-05 19:58:59	Metadata key("startup-script"), command("/bin/bash"): ok: [192.168.10.99]
2026-03-05 19:58:59	Metadata key("startup-script"), command("/bin/bash"): 
2026-03-05 19:58:59	Metadata key("startup-script"), command("/bin/bash"): ok: [192.168.10.99]
2026-03-05 19:59:00	Metadata key("startup-script"), command("/bin/bash"): 
2026-03-05 19:59:00	Metadata key("startup-script"), command("/bin/bash"): 
2026-03-05 19:59:00	Metadata key("startup-script"), command("/bin/bash"): TASK [Determine specific release] **********************************************
2026-03-05 19:59:00	Metadata key("startup-script"), command("/bin/bash"): 
2026-03-05 19:59:00	Metadata key("startup-script"), command("/bin/bash"): 
2026-03-05 19:59:01	Metadata key("startup-script"), command("/bin/bash"): TASK [Gathering Facts] *********************************************************
2026-03-05 19:59:02	Metadata key("startup-script"), command("/bin/bash"): 
2026-03-05 19:59:02	Metadata key("startup-script"), command("/bin/bash"): TASK [base-provision : Stop package manager processes if they exist (using a CTRL-c equivalent SIGINT)] ***
2026-03-05 19:59:02	Metadata key("startup-script"), command("/bin/bash"): ok: [192.168.10.99]
2026-03-05 19:59:04	Metadata key("startup-script"), command("/bin/bash"): TASK [base-provision : Gather installed packages] ******************************
2026-03-05 19:59:04	Metadata key("startup-script"), command("/bin/bash"): 
2026-03-05 19:59:04	Metadata key("startup-script"), command("/bin/bash"): ok: [192.168.10.99]
2026-03-05 19:59:04	Metadata key("startup-script"), command("/bin/bash"): 
2026-03-05 19:59:04	Metadata key("startup-script"), command("/bin/bash"): TASK [base-provision : Set up Artifact Registry mirrors if enabled] ************
2026-03-05 19:59:04	Metadata key("startup-script"), command("/bin/bash"): included: /oracle-toolkit/roles/base-provision/tasks/ar_repo_setup.yml for 192.168.10.99
2026-03-05 19:59:05	Metadata key("startup-script"), command("/bin/bash"): 
2026-03-05 19:59:05	Metadata key("startup-script"), command("/bin/bash"): TASK [base-provision : ar_repo_setup | Disable all repositories to prevent timeouts] ***
2026-03-05 19:59:05	Metadata key("startup-script"), command("/bin/bash"): changed: [192.168.10.99]
2026-03-05 19:59:06	Metadata key("startup-script"), command("/bin/bash"): 
2026-03-05 19:59:06	Metadata key("startup-script"), command("/bin/bash"): TASK [base-provision : ar_repo_setup | Add official google-compute-engine repo (via PGA)] ***
2026-03-05 19:59:06	Metadata key("startup-script"), command("/bin/bash"): changed: [192.168.10.99]
2026-03-05 19:59:06	Metadata key("startup-script"), command("/bin/bash"): 
2026-03-05 19:59:06	Metadata key("startup-script"), command("/bin/bash"): TASK [base-provision : ar_repo_setup | Add official google-cloud-sdk repo (via PGA)] ***
2026-03-05 19:59:06	Metadata key("startup-script"), command("/bin/bash"): changed: [192.168.10.99]
2026-03-05 19:59:08	Metadata key("startup-script"), command("/bin/bash"): 
2026-03-05 19:59:08	Metadata key("startup-script"), command("/bin/bash"): TASK [base-provision : ar_repo_setup | Install Artifact Registry DNF plugin] ***
2026-03-05 19:59:08	Metadata key("startup-script"), command("/bin/bash"): fatal: [192.168.10.99]: FAILED! => {"changed": false, "msg": "Failed to download metadata for repo 'google-compute-engine': Cannot download repomd.xml: Cannot download repodata/repomd.xml: All mirrors were tried", "rc": 1, "results": []}
2026-03-05 19:59:08	Metadata key("startup-script"), command("/bin/bash"): 
2026-03-05 19:59:08	Metadata key("startup-script"), command("/bin/bash"): PLAY RECAP *********************************************************************
2026-03-05 19:59:08	Metadata key("startup-script"), command("/bin/bash"): 192.168.10.99              : ok=16   changed=3    unreachable=0    failed=1    skipped=7    rescued=0    ignored=0   
2026-03-05 19:59:08	Metadata key("startup-script"), command("/bin/bash"): 
2026-03-05 19:59:08	Metadata key("startup-script"), command("/bin/bash"): Error: Primary setup failed for github-presubmit-dg-2029646655237656576-1. Exiting.
2026-03-05 19:59:08	Metadata key("startup-script"), command("/bin/bash"): Sending a signal to Cloud Logging to indicate Ansible completion status
2026-03-05 19:59:08	Metadata key("startup-script"), command("/bin/bash"): JSON payload to be sent: {
2026-03-05 19:59:08	Metadata key("startup-script"), command("/bin/bash"):   "state": "ansible_completed_failure",
2026-03-05 19:59:08	Metadata key("startup-script"), command("/bin/bash"):   "event_type": "ANSIBLE_RUNNER_SCRIPT_END",
2026-03-05 19:59:08	Metadata key("startup-script"), command("/bin/bash"):   "timestamp": "2026-03-05 19:59:08+00:00",
2026-03-05 19:59:08	Metadata key("startup-script"), command("/bin/bash"):   "deployment_name": "presubmit-dg-2029646655237656576",
2026-03-05 19:59:08	Metadata key("startup-script"), command("/bin/bash"):   "instanceName": "github-presubmit-dg-control-node-c227a9ee",
2026-03-05 19:59:08	Metadata key("startup-script"), command("/bin/bash"):   "instanceId": "3517860831637561604",
2026-03-05 19:59:08	Metadata key("startup-script"), command("/bin/bash"):   "zone": "us-central1-b"
2026-03-05 19:59:08	Metadata key("startup-script"), command("/bin/bash"): }
2026-03-05 19:59:09	Metadata key("startup-script"), command("/bin/bash"): Created log entry.
2026-03-05 19:59:10	Metadata key("startup-script"), command("/bin/bash"): Created log entry.
2026-03-05 19:59:10	Metadata key("startup-script"), command("/bin/bash"): Stopping heartbeat process 893
2026-03-05 19:59:10	Metadata key("startup-script"), command("/bin/bash"): Deleting public SSH key from the control node's service account OS Login profile to prevent exceeding the 32KiB limit
2026-03-05 19:59:10	Metadata key("startup-script"), command("/bin/bash"): Public SSH key found. Attempting to remove it from OS Login...
2026-03-05 19:59:12	Metadata key("startup-script"), command("/bin/bash"): Public SSH key has been removed from the control node's service account OS Login profile
2026-03-05 19:59:12	Script "startup-script" failed with error: exit status 2
2026-03-05 19:59:12	Finished running startup scripts
Control node's startup script failed.
Killing tail process group with 149 PGID
Cleaning up: deleting gs://oracle-toolkit-presubmit-artifacts/oracle-toolkit-2029646655237656576.zip GCS object and projects/gcp-oracle-benchmarks/locations/us-central1/deployments/presubmit-dg-2029646655237656576 Infra Manager deployment...
Delete request issued for: [presubmit-dg-2029646655237656576]
Waiting for operation [projects/gcp-oracle-benchmarks/locations/us-central1/operations/operation-1772740793025-64c4c613f459f-fcfb59c7-ceaaaacf] to complete...
....................................................................................................................................................................................................................................................................................................................................................................................................................................................................................................................................................................................................................................................................................................done.
Deleted deployment [presubmit-dg-2029646655237656576].
Removing objects:
  
Removing gs://oracle-toolkit-presubmit-artifacts/oracle-toolkit-2029646655237656576.zip...
.
